2024-10-31 17:20:42 - INFO: Execução 201A iniciada.
2024-10-31 17:20:42 - INFO: Execução ParouAquiMeuMagnata no modelo "Diário" prevista para 2024-10-31 19:43:17 já existe.
2024-10-31 17:20:42 - INFO: Execução 201A finalizada em 0h 0m 0.1464s.2024-10-31 17:21:56 - INFO: Execução 201A iniciada.
2024-10-31 17:21:56 - INFO: Execução Meu Nobre no modelo "Diário" adicionada para monitoramento, prevista para 2024-10-31 17:25:23.
2024-10-31 17:21:56 - INFO: Execução ParouAquiMeuMagnata no modelo "Diário" prevista para 2024-10-31 19:43:17 já existe.
2024-10-31 17:21:56 - INFO: Execução 201A finalizada em 0h 0m 0.0373s.


2024-10-31 17:46:33 - INFO: Execução 201A iniciada.
2024-10-31 17:46:33 - INFO: Execução Meu Nobre no modelo "Diário" adicionada para monitoramento, prevista para 2024-10-31 18:25:23.
2024-10-31 17:46:33 - INFO: Execução ParouAquiMeuMagnata no modelo "Diário" prevista para 2024-10-31 19:43:17 já existe.
2024-10-31 17:46:33 - INFO: Execução 201A finalizada em 0h 0m 0.1078s.


2024-10-31 17:47:16 - INFO: Execução 201A iniciada.
2024-10-31 17:47:16 - INFO: Execução Meu Nobre no modelo "Diário" adicionada para monitoramento, prevista para 2024-10-31 18:25:23.
2024-10-31 17:47:16 - INFO: Execução ParouAquiMeuMagnata no modelo "Diário" prevista para 2024-10-31 19:43:17 já existe.
2024-10-31 17:47:16 - INFO: Execução 201A finalizada em 0h 0m 0.1618s.


2024-10-31 17:56:46 - INFO: Execução 201A iniciada.
2024-10-31 17:56:46 - INFO: Execução Meu Nobre no modelo "Diário" prevista para 2024-10-31 18:25:23 já existe.
2024-10-31 17:56:46 - INFO: Execução ParouAquiMeuMagnata no modelo "Diário" prevista para 2024-10-31 19:43:17 já existe.
2024-10-31 17:56:46 - INFO: Execução 201A finalizada em 0h 0m 0.1671s.


2024-10-31 17:57:19 - INFO: Execução 201A iniciada.
2024-10-31 17:57:20 - INFO: Execução Meu Nobre no modelo "Diário" adicionada para monitoramento, prevista para 2024-10-31 18:25:23.
2024-10-31 17:57:20 - INFO: Execução ParouAquiMeuMagnata no modelo "Diário" prevista para 2024-10-31 19:43:17 já existe.
2024-10-31 17:57:20 - INFO: Execução 201A finalizada em 0h 0m 0.1584s.


2024-11-01 08:29:43 - INFO: A task 207A Rastreabilidade de Pesáveis no modelo Diário não obteve correspondência.
2024-11-01 08:29:43 - INFO: A task Meu Nobre no modelo Diário não obteve correspondência.
2024-11-01 08:29:43 - INFO: A task ParouAquiMeuMagnata no modelo Mensal não obteve correspondência.
2024-11-01 08:29:43 - INFO: A task ParouAquiMeuMagnata no modelo Mensal não obteve correspondência.
2024-11-01 08:29:43 - INFO: A task ParouAquiMeuMagnata no modelo Semanal não obteve correspondência.
