2024-10-31 10:37:26 - INFO: Execução 40C Routerizacao Ecommerce no modelo "Diário" adicionada para monitoramento, prevista para 2024-10-31 14:00:00.
2024-10-31 10:37:26 - INFO: Execução 195A_Consolidacao_MHA no modelo "Diário" adicionada para monitoramento, prevista para 2024-10-31 15:00:00.
2024-10-31 10:37:26 - INFO: Execução 197A Catraca Câmara Fria no modelo "Diário" adicionada para monitoramento, prevista para 2024-10-31 14:00:00.
2024-10-31 10:37:26 - INFO: Execução 191A Chamados CD no modelo "Diário" adicionada para monitoramento, prevista para 2024-10-31 15:24:35.
2024-10-31 10:37:26 - INFO: Execução 187A Rastreabilidade de Pesáveis no modelo "Diário" adicionada para monitoramento, prevista para 2024-10-31 15:00:00.
2024-10-31 10:37:26 - INFO: Execução 207A Dispersão de Pesáveis no modelo "Diário" adicionada para monitoramento, prevista para 2024-10-31 11:00:00.
2024-10-31 10:37:26 - INFO: Execução 9A Integração Scanntech no modelo "Diário" adicionada para monitoramento, prevista para 2024-10-31 12:30:00.
2024-10-31 10:37:26 - INFO: Execução 162C SMarket Notebook Families no modelo "Semanal" adicionada para monitoramento, prevista para 2024-10-31 21:00:00.
2024-10-31 10:37:26 - INFO: Execução 162F SMarket Notebook Products Store no modelo "Diário" adicionada para monitoramento, prevista para 2024-10-31 15:00:00.
2024-10-31 10:37:26 - INFO: Execução 162G SMarket Notebook Products no modelo "Diário" adicionada para monitoramento, prevista para 2024-10-31 22:00:00.
2024-10-31 10:37:26 - INFO: Execução 162H SMarket Notebook Researches Products no modelo "Diário" adicionada para monitoramento, prevista para 2024-10-31 18:00:00.
2024-10-31 10:37:26 - INFO: Execução 162M SMarket Retorno no modelo "Semanal" adicionada para monitoramento, prevista para 2024-10-31 16:07:00.
2024-10-31 10:37:26 - INFO: Execução 162Z SMarket_Retorno_Relatorio no modelo "Semanal" adicionada para monitoramento, prevista para 2024-10-31 16:10:00.
2024-10-31 10:37:26 - INFO: Execução 194A Sincronizar produtos ativos e zerar estoques no modelo "Diário" adicionada para monitoramento, prevista para 2024-10-31 15:00:00.
2024-10-31 13:38:37 - INFO: Execução 40C Routerizacao Ecommerce no modelo "Diário" adicionada para monitoramento, prevista para 2024-10-31 14:00:00.
2024-10-31 13:38:37 - INFO: Execução 195A_Consolidacao_MHA no modelo "Diário" adicionada para monitoramento, prevista para 2024-10-31 15:00:00.
2024-10-31 13:38:37 - INFO: Execução 197A Catraca Câmara Fria no modelo "Diário" adicionada para monitoramento, prevista para 2024-10-31 14:00:00.
2024-10-31 13:38:37 - INFO: Execução 191A Chamados CD no modelo "Diário" adicionada para monitoramento, prevista para 2024-10-31 15:24:35.
2024-10-31 13:38:37 - INFO: Execução 187A Rastreabilidade de Pesáveis no modelo "Diário" adicionada para monitoramento, prevista para 2024-10-31 15:00:00.
2024-10-31 13:38:37 - INFO: Execução 162C SMarket Notebook Families no modelo "Semanal" adicionada para monitoramento, prevista para 2024-10-31 21:00:00.
2024-10-31 13:38:37 - INFO: Execução 162F SMarket Notebook Products Store no modelo "Diário" adicionada para monitoramento, prevista para 2024-10-31 15:00:00.
2024-10-31 13:38:37 - INFO: Execução 162G SMarket Notebook Products no modelo "Diário" adicionada para monitoramento, prevista para 2024-10-31 22:00:00.
2024-10-31 13:38:37 - INFO: Execução 162H SMarket Notebook Researches Products no modelo "Diário" adicionada para monitoramento, prevista para 2024-10-31 18:00:00.
2024-10-31 13:38:37 - INFO: Execução 162M SMarket Retorno no modelo "Semanal" adicionada para monitoramento, prevista para 2024-10-31 16:07:00.
2024-10-31 13:38:37 - INFO: Execução 162Z SMarket_Retorno_Relatorio no modelo "Semanal" adicionada para monitoramento, prevista para 2024-10-31 16:10:00.
2024-10-31 13:38:37 - INFO: Execução 194A Sincronizar produtos ativos e zerar estoques no modelo "Diário" adicionada para monitoramento, prevista para 2024-10-31 15:00:00.